<?xml version="1.0" encoding="UTF-8"?>
<!-- Generated by org.testng.reporters.JUnitReportReporter -->
<testsuite hostname="DESKTOP-FE9I4DB" failures="0" tests="1" name="TestNG1.loginsample" time="7.897" errors="0" timestamp="2022-04-18T15:19:51 IST" skipped="0">
  <testcase classname="TestNG1.loginsample" name="login" time="7.897"/>
  <system-out/>
</testsuite> <!-- TestNG1.loginsample -->
