<?xml version="1.0" encoding="UTF-8"?>
<!-- Generated by org.testng.reporters.JUnitReportReporter -->
<testsuite hostname="DESKTOP-FE9I4DB" failures="0" tests="1" name="com.saucedemo.TestClasses.TC01LoginFunctionality" time="28.161" errors="0" timestamp="2022-04-18T10:50:56 IST" skipped="0">
  <testcase classname="com.saucedemo.TestClasses.TC01LoginFunctionality" name="verifyloginfunctionality" time="28.161"/>
  <system-out/>
</testsuite> <!-- com.saucedemo.TestClasses.TC01LoginFunctionality -->
