<?xml version="1.0" encoding="UTF-8"?>
<!-- Generated by org.testng.reporters.JUnitReportReporter -->
<testsuite hostname="DESKTOP-FE9I4DB" failures="0" tests="1" name="com.saucedemo.TestClasses.TC04selectproductFuctionality" time="23.218" errors="0" timestamp="2022-04-14T17:30:26 IST" skipped="0">
  <testcase classname="com.saucedemo.TestClasses.TC04selectproductFuctionality" name="verifySelectProductFunctionality" time="23.218"/>
  <system-out/>
</testsuite> <!-- com.saucedemo.TestClasses.TC04selectproductFuctionality -->
